<?xml version="1.0" encoding="UTF-8"?>
<!-- Generated by org.testng.reporters.JUnitReportReporter -->
<testsuite skipped="0" hostname="LAPTOP-LVA07G2U" name="com.training.test.AccountsTest" tests="1" failures="0" timestamp="2022-02-28T23:30:19 PST" time="54.392" errors="0">
  <testcase name="createnewaccountsview" time="54.392" classname="com.training.test.AccountsTest"/>
  <system-out/>
</testsuite> <!-- com.training.test.AccountsTest -->
