<?xml version="1.0" encoding="UTF-8"?>
<!-- Generated by org.testng.reporters.JUnitReportReporter -->
<testsuite skipped="0" hostname="LAPTOP-LVA07G2U" name="com.training.test.LoginTest" tests="1" failures="0" timestamp="2022-02-28T13:39:56 PST" time="12.045" errors="0">
  <testcase name="testremembermebuttonclicked" time="12.045" classname="com.training.test.LoginTest"/>
  <system-out/>
</testsuite> <!-- com.training.test.LoginTest -->
