<?xml version="1.0" encoding="UTF-8"?>
<!-- Generated by org.testng.reporters.JUnitReportReporter -->
<testsuite skipped="0" hostname="LAPTOP-LVA07G2U" name="com.training.test.OpportunitiesTest" tests="1" failures="0" timestamp="2022-03-02T00:43:39 PST" time="12.160" errors="0">
  <testcase name="testquarterlysummaryreport" time="12.160" classname="com.training.test.OpportunitiesTest"/>
  <system-out/>
</testsuite> <!-- com.training.test.OpportunitiesTest -->
