<?xml version="1.0" encoding="UTF-8"?>
<!-- Generated by org.testng.reporters.JUnitReportReporter -->
<testsuite skipped="0" hostname="LAPTOP-LVA07G2U" name="com.training.test.UserMenuTest" tests="1" failures="0" timestamp="2022-03-03T08:43:10 PST" time="15.475" errors="0">
  <testcase name="performmyprofileoptions" time="15.475" classname="com.training.test.UserMenuTest"/>
  <system-out/>
</testsuite> <!-- com.training.test.UserMenuTest -->
