<?xml version="1.0" encoding="UTF-8"?>
<!-- Generated by org.testng.reporters.JUnitReportReporter -->
<testsuite skipped="0" hostname="LAPTOP-LVA07G2U" name="com.training.test.LeadsTest" tests="1" failures="0" timestamp="2022-03-03T08:11:21 PST" time="18.337" errors="0">
  <testcase name="checkfunctionalityofgobutton" time="18.337" classname="com.training.test.LeadsTest"/>
  <system-out/>
</testsuite> <!-- com.training.test.LeadsTest -->
